2025-04-25T20:46:43.261Z - Starting trading bot...
2025-04-25T20:46:43.519Z - Error in bot loop: binance {"code":-1021,"msg":"Timestamp for this request was 1000ms ahead of the server's time."}
2025-04-25T20:46:43.520Z - Finished one loop cycle
2025-04-25T20:47:34.705Z - Starting trading bot...
2025-04-25T20:47:34.966Z - Error in bot loop: binance {"code":-1021,"msg":"Timestamp for this request was 1000ms ahead of the server's time."}
2025-04-25T20:47:34.967Z - Finished one loop cycle
2025-04-25T20:48:35.464Z - Starting trading bot...
2025-04-25T20:48:35.480Z - Error syncing server time: exchange.fetchServerTime is not a function
2025-04-25T20:48:35.760Z - Error in bot loop: binance {"code":-1021,"msg":"Timestamp for this request was 1000ms ahead of the server's time."}
2025-04-25T20:48:35.761Z - Finished one loop cycle
2025-04-25T20:49:20.383Z - Starting trading bot...
2025-04-25T20:49:20.692Z - Error in bot loop: binance {"code":-1021,"msg":"Timestamp for this request was 1000ms ahead of the server's time."}
2025-04-25T20:49:20.694Z - Finished one loop cycle
2025-04-25T20:50:26.788Z - Starting trading bot...
2025-04-25T20:50:27.086Z - Error in bot loop: binance {"code":-1021,"msg":"Timestamp for this request was 1000ms ahead of the server's time."}
2025-04-25T20:50:27.087Z - Finished one loop cycle
2025-04-25T20:51:27.104Z - Error in bot loop: binance {"code":-1021,"msg":"Timestamp for this request was 1000ms ahead of the server's time."}
2025-04-25T20:51:27.105Z - Finished one loop cycle
2025-04-25T20:52:05.838Z - Starting trading bot...
2025-04-25T20:52:06.085Z - Time diff: -1659ms
2025-04-25T20:52:06.087Z - Warning: Time difference is significant, please sync your system clock.
2025-04-25T20:52:06.310Z - Error in bot loop: binance {"code":-1021,"msg":"Timestamp for this request was 1000ms ahead of the server's time."}
2025-04-25T20:52:06.312Z - Finished one loop cycle
2025-04-25T20:57:21.459Z - Starting trading bot...
2025-04-25T20:57:21.715Z - Error in bot loop: binance {"code":-1021,"msg":"Timestamp for this request was 1000ms ahead of the server's time."}
2025-04-25T20:57:21.716Z - Finished one loop cycle
2025-04-25T20:58:21.728Z - Error in bot loop: binance {"code":-1021,"msg":"Timestamp for this request was 1000ms ahead of the server's time."}
2025-04-25T20:58:21.729Z - Finished one loop cycle
2025-04-25T20:59:21.730Z - Error in bot loop: binance {"code":-1021,"msg":"Timestamp for this request was 1000ms ahead of the server's time."}
2025-04-25T20:59:21.731Z - Finished one loop cycle
2025-04-25T20:59:55.191Z - Starting trading bot...
2025-04-25T20:59:55.465Z - Error in bot loop: binance {"code":-1021,"msg":"Timestamp for this request was 1000ms ahead of the server's time."}
2025-04-25T20:59:55.466Z - Finished one loop cycle
2025-04-25T21:00:55.481Z - Error in bot loop: binance {"code":-1021,"msg":"Timestamp for this request was 1000ms ahead of the server's time."}
2025-04-25T21:00:55.483Z - Finished one loop cycle
2025-04-25T21:01:55.232Z - Starting trading bot...
2025-04-25T21:01:56.855Z - 💰 Current balance: 0 USDT
2025-04-25T21:01:56.856Z - ❌ Insufficient balance: 0 USDT, need at least 10 USDT
2025-04-26T15:22:40.793Z - Starting trading bot...
2025-04-26T15:22:42.139Z - 💰 Current balance: 0 USDT
2025-04-26T15:22:42.139Z - ❌ Insufficient balance: 0 USDT, need at least 10 USDT
2025-04-26T15:23:42.301Z - 💰 Current balance: 0 USDT
2025-04-26T15:23:42.301Z - ❌ Insufficient balance: 0 USDT, need at least 10 USDT
2025-04-26T15:24:42.466Z - 💰 Current balance: 0 USDT
2025-04-26T15:24:42.467Z - ❌ Insufficient balance: 0 USDT, need at least 10 USDT
2025-04-26T15:25:42.636Z - 💰 Current balance: 0 USDT
2025-04-26T15:25:42.636Z - ❌ Insufficient balance: 0 USDT, need at least 10 USDT
2025-04-26T15:26:42.794Z - 💰 Current balance: 0 USDT
2025-04-26T15:26:42.794Z - ❌ Insufficient balance: 0 USDT, need at least 10 USDT
2025-04-26T15:27:42.970Z - 💰 Current balance: 0 USDT
2025-04-26T15:27:42.970Z - ❌ Insufficient balance: 0 USDT, need at least 10 USDT
2025-04-26T15:28:43.127Z - 💰 Current balance: 0 USDT
2025-04-26T15:28:43.128Z - ❌ Insufficient balance: 0 USDT, need at least 10 USDT
2025-04-26T15:29:43.295Z - 💰 Current balance: 0 USDT
2025-04-26T15:29:43.297Z - ❌ Insufficient balance: 0 USDT, need at least 10 USDT
2025-04-26T15:30:56.825Z - Starting trading bot...
2025-04-26T15:30:58.263Z - 💰 Current balance: 0 USDT
2025-04-26T15:30:58.264Z - ❌ Insufficient balance: 0 USDT, need at least 10 USDT
2025-04-26T15:31:58.429Z - 💰 Current balance: 0 USDT
2025-04-26T15:31:58.430Z - ❌ Insufficient balance: 0 USDT, need at least 10 USDT
2025-04-26T15:32:58.604Z - 💰 Current balance: 0 USDT
2025-04-26T15:32:58.604Z - ❌ Insufficient balance: 0 USDT, need at least 10 USDT
2025-04-26T15:33:58.772Z - 💰 Current balance: 0 USDT
2025-04-26T15:33:58.773Z - ❌ Insufficient balance: 0 USDT, need at least 10 USDT
2025-04-26T15:34:58.938Z - 💰 Current balance: 0 USDT
2025-04-26T15:34:58.949Z - ❌ Insufficient balance: 0 USDT, need at least 10 USDT
2025-04-26T15:35:59.101Z - 💰 Current balance: 0 USDT
2025-04-26T15:35:59.101Z - ❌ Insufficient balance: 0 USDT, need at least 10 USDT
2025-04-26T15:36:59.268Z - 💰 Current balance: 0 USDT
2025-04-26T15:36:59.269Z - ❌ Insufficient balance: 0 USDT, need at least 10 USDT
2025-04-26T15:37:59.432Z - 💰 Current balance: 0 USDT
2025-04-26T15:37:59.433Z - ❌ Insufficient balance: 0 USDT, need at least 10 USDT
